生成启动时间为 2017/3/7 15:15:33。
     1>项目“D:\Explore_Download\tolua-plus-plus\win32\tolua++lib\tolua++lib.vcxproj”在节点 2 上(Rebuild 个目标)。
     1>ClCompile:
         D:\Program Files (x86)\Microsoft Visual Studio 12.0\VC\bin\CL.exe /c /I../../include /I../../lua/include /ZI /nologo /W3 /WX- /sdl /Od /Oy- /D WIN32 /D _DEBUG /D _LIB /D _CRT_SECURE_NO_WARNINGS /D _UNICODE /D UNICODE /Gm /EHsc /RTC1 /MDd /GS /fp:precise /Zc:wchar_t /Zc:forScope /Fo"Debug\\" /Fd"Debug\vc120.pdb" /Gd /TC /analyze- /errorReport:prompt ..\..\src\lib\tolua_event.c ..\..\src\lib\tolua_is.c ..\..\src\lib\tolua_map.c ..\..\src\lib\tolua_push.c ..\..\src\lib\tolua_to.c
         tolua_to.c
         tolua_push.c
         tolua_map.c
     1>d:\explore_download\tolua-plus-plus\src\lib\tolua_map.c(397): warning C4090: “函数”: 不同的“const”限定符
         tolua_is.c
     1>d:\explore_download\tolua-plus-plus\src\lib\tolua_is.c(119): warning C4114: 多次使用同一类型限定符
         tolua_event.c
         正在生成代码...
     1>cl : 命令行 warning D9028: 最小重新生成失败，正在转换为标准生成
       Lib:
         D:\Program Files (x86)\Microsoft Visual Studio 12.0\VC\bin\Lib.exe /OUT:"D:\Explore_Download\tolua-plus-plus\win32\mytest\Debug\tolua++.lib" lua5.1.lib /LIBPATH:../../lib /NOLOGO Debug\tolua_event.obj
         Debug\tolua_is.obj
         Debug\tolua_map.obj
         Debug\tolua_push.obj
         Debug\tolua_to.obj
         tolua++lib.vcxproj -> D:\Explore_Download\tolua-plus-plus\win32\mytest\Debug\tolua++.lib
     1>已完成生成项目“D:\Explore_Download\tolua-plus-plus\win32\tolua++lib\tolua++lib.vcxproj”(Rebuild 个目标)的操作。

生成成功。

已用时间 00:00:00.61
